\BOOKMARK [1][-]{section.1}{\376\377\133\146\116\140\166\356\150\007\377\010\000L\000e\000a\000r\000n\000i\000n\000g\000\040\000O\000u\000t\000c\000o\000m\000e\000s\377\011}{}% 1
\BOOKMARK [1][-]{section.2}{\376\377\213\376\172\013\176\304\176\307\116\016\215\104\156\220}{}% 2
\BOOKMARK [2][-]{subsection.2.1}{\376\377\176\304\176\307\145\271\137\017\377\010\136\372\213\256\377\011}{section.2}% 3
\BOOKMARK [2][-]{subsection.2.2}{\376\377\217\157\170\154\116\366\215\104\156\220}{section.2}% 4
\BOOKMARK [1][-]{section.3}{\376\377\116\044\131\051\140\073\155\101\172\013\116\016\145\366\225\364\136\372\213\256}{}% 5
\BOOKMARK [1][-]{section.4}{\376\377\000D\000a\000y\000\040\0001\377\032\127\372\170\100\167\345\213\306\000\040\000+\000\040\127\050\176\277\162\006\170\064\116\016\226\062\142\244\145\071\220\040}{}% 6
\BOOKMARK [2][-]{subsection.4.1}{\376\377\163\257\202\202\0000\377\010\171\321\146\156\377\011\377\032\000H\000T\000T\000P\000S\000/\213\301\116\146\116\016\147\000\134\017\133\306\170\001\133\146}{section.4}% 7
\BOOKMARK [2][-]{subsection.4.2}{\376\377\163\257\202\202\0001\377\010\116\073\133\236\232\214\377\011\377\032\127\050\176\277\123\343\116\344\162\006\170\064\157\024\171\072\000\040\000+\000\040\226\062\142\244\145\071\220\040}{section.4}% 8
\BOOKMARK [3][-]{subsubsection.4.2.1}{\376\377\133\236\232\214\0001\377\032\127\050\176\277\146\264\122\233\134\035\213\325\377\010\145\131\136\010\157\024\171\072\116\072\116\073\377\014\133\146\165\037\211\302\133\337\213\260\137\125\377\011}{subsection.4.2}% 9
\BOOKMARK [3][-]{subsubsection.4.2.2}{\376\377\133\236\232\214\0002\377\032\226\062\142\244\145\071\220\040\377\010\134\017\176\304\122\250\142\113\377\011}{subsection.4.2}% 10
\BOOKMARK [1][-]{section.5}{\376\377\000D\000a\000y\000\040\0002\377\032\116\272\162\151\165\073\120\317\163\034\123\343\116\344\000\040\000+\000\040\000T\000a\000r\000G\000u\000e\000s\000s\000-\000i\377\010\000P\000C\000F\000G\377\011\000+\000\040\173\200\143\320\000L\000L\000M}{}% 11
\BOOKMARK [2][-]{subsection.5.1}{\376\377\163\257\202\202\0002\000A\377\032\116\272\162\151\123\141\163\034\123\343\116\344\377\010\116\272\174\173\166\364\211\311\162\110\377\011}{section.5}% 12
\BOOKMARK [2][-]{subsection.5.2}{\376\377\163\257\202\202\0002\000B\377\032\000T\000a\000r\000G\000u\000e\000s\000s\000-\000i\377\010\000P\000C\000F\000G\000-\000b\000a\000s\000e\000d\377\011\217\320\210\114\116\016\133\371\153\324}{section.5}% 13
\BOOKMARK [2][-]{subsection.5.3}{\376\377\163\257\202\202\0002\000C\377\032\173\200\143\320\000L\000L\000M\116\016\230\316\226\151\123\107\176\247\377\010\0001\0000\040\023\0002\0000\122\006\224\237\377\011}{section.5}% 14
\BOOKMARK [2][-]{subsection.5.4}{\376\377\000D\000a\000y\000\040\0002\000\040\154\107\142\245\116\016\134\125\171\072\377\010\136\372\213\256\0002\0000\040\023\0003\0000\122\006\224\237\377\011}{section.5}% 15
\BOOKMARK [1][-]{section.6}{\376\377\213\304\122\006\136\372\213\256\377\010\123\357\166\364\143\245\204\075\122\060\217\307\172\013\200\003\150\070\122\006\377\011}{}% 16
\BOOKMARK [1][-]{section.7}{\376\377\217\307\172\013\200\003\150\070\210\150\377\010\123\357\142\123\123\160\140\073\210\150\377\011}{}% 17
\BOOKMARK [1][-]{section.8}{\376\377\377\010\142\151\134\125\225\362\214\010\377\011\171\273\176\277\145\073\121\373\377\032\116\300\116\110\145\366\120\031\117\032\123\321\165\037\377\037}{}% 18
\BOOKMARK [1][-]{section.9}{\376\377\145\131\136\010\131\007\213\376\156\005\123\125\377\010\136\372\213\256\377\011}{}% 19
\BOOKMARK [1][-]{section.10}{\376\377\213\376\130\002\133\211\121\150\116\016\124\010\211\304\130\360\146\016\377\010\136\372\213\256\142\225\137\161\136\166\165\061\133\146\165\037\170\156\213\244\377\011}{}% 20
\BOOKMARK [1][-]{appendix.A}{\376\377\226\104\137\125\000A\377\032\116\272\162\151\123\141\152\041\147\177\377\010\171\072\117\213\377\014\123\357\201\352\210\114\142\151\134\125\377\011}{}% 21
\BOOKMARK [1][-]{appendix.B}{\376\377\226\104\137\125\000B\377\032\123\343\116\344\152\041\137\017\156\005\123\125\377\010\213\376\130\002\137\025\133\374\165\050\377\011}{}% 22
\BOOKMARK [1][-]{appendix.C}{\376\377\226\104\137\125\000C\377\032\123\357\123\213\177\051\162\110\145\366\225\364\133\211\143\222\377\010\171\072\117\213\377\011}{}% 23
\BOOKMARK [1][-]{appendix.D}{\376\377\226\104\137\125\000D\377\032\135\345\117\134\176\270\152\041\147\177\377\010\123\357\166\364\143\245\142\123\123\160\377\011}{}% 24
